2023-04-03 00:37:35.348064 - Initialized conversion of CBT484
2023-04-03 00:37:35.471502 - Received CBT.V504.FILE484.PDS from FILE484.XMI 
2023-04-03 00:37:35.474606 - Found $CACHDOC.txt (text/plain) in CBT.V504.FILE484.PDS, moved to PDS/$CACHDOC
2023-04-03 00:37:35.475692 - Found $CACHINF.txt (text/plain) in CBT.V504.FILE484.PDS, moved to PDS/$CACHINF
2023-04-03 00:37:35.476731 - Found $RECEIVE.jcl (text/plain) in CBT.V504.FILE484.PDS, moved to PDS/$RECEIVE
2023-04-03 00:37:35.477866 - Found $RECEIV1.jcl (text/plain) in CBT.V504.FILE484.PDS, moved to PDS/$RECEIV1
2023-04-03 00:37:35.478932 - Found @FILE484.txt (text/plain) in CBT.V504.FILE484.PDS, moved to PDS/@FILE484
2023-04-03 00:37:35.547509 - Found ASM.xmi (application/xmit) in CBT.V504.FILE484.PDS
2023-04-03 00:37:35.562126   - Received to CBT484/ACU.ASM
2023-04-03 00:37:35.657535 - Found EXEC.xmi (application/xmit) in CBT.V504.FILE484.PDS
2023-04-03 00:37:35.671563   - Received to CBT484/ACU.EXEC
2023-04-03 00:37:35.680740 - Found ISPLLIB.xmi (application/xmit) in CBT.V504.FILE484.PDS
2023-04-03 00:37:35.690143   - Received RECFM=U data, stored XMIT file as CBT484/ISPLLIB.xmi
2023-04-03 00:37:35.714793 - Found ISPMLIB.xmi (application/xmit) in CBT.V504.FILE484.PDS
2023-04-03 00:37:35.721837   - Received to CBT484/ACU.ISPMLIB
2023-04-03 00:37:36.067557 - Found ISPPLIB.xmi (application/xmit) in CBT.V504.FILE484.PDS
2023-04-03 00:37:36.144776   - Received to CBT484/ACU.ISPPLIB
2023-04-03 00:37:36.157816 - Found ISPSLIB.xmi (application/xmit) in CBT.V504.FILE484.PDS
2023-04-03 00:37:36.162780   - Received to CBT484/ACU.ISPSLIB
2023-04-03 00:37:36.424540 - Found MACLIB.xmi (application/xmit) in CBT.V504.FILE484.PDS
2023-04-03 00:37:36.480638   - Received to CBT484/NEW.MACLIB
